<?xml version="1.0" encoding="UTF-8"?>
<coverage generated="1662666022832" clover="3.2.0">
  <project timestamp="1662666022832" name="All files">
    <metrics statements="8" coveredstatements="7" conditionals="2" coveredconditionals="1" methods="3" coveredmethods="3" elements="13" coveredelements="11" complexity="0" loc="8" ncloc="8" packages="1" files="1" classes="1"/>
    <file name="Employee.js" path="/Users/indigofobes/Desktop/GT_Coding/create-team-html/Develop/Lib/Employee.js">
      <metrics statements="8" coveredstatements="7" conditionals="2" coveredconditionals="1" methods="3" coveredmethods="3"/>
      <line num="4" count="2" type="stmt"/>
      <line num="5" count="2" type="stmt"/>
      <line num="6" count="2" type="stmt"/>
      <line num="11" count="1" type="stmt"/>
      <line num="19" count="1" type="cond" truecount="1" falsecount="1"/>
      <line num="20" count="0" type="stmt"/>
      <line num="23" count="1" type="stmt"/>
      <line num="45" count="1" type="stmt"/>
    </file>
  </project>
</coverage>
